2024-03-30T06:11:30Z - INFO     logging_config.py:19 - Calling stored procedure staging.insert_formatted_sire_data()
2024-03-30T06:11:30Z - INFO     logging_config.py:19 - Calling stored procedure staging.insert_formatted_dam_data()
2024-03-30T06:11:30Z - INFO     logging_config.py:19 - Calling stored procedure staging.insert_formatted_horse_data()
2024-03-30T06:13:38Z - INFO     logging_config.py:19 - Stored procedure staging.insert_formatted_sire_data() completed
2024-03-30T06:13:41Z - INFO     logging_config.py:19 - Stored procedure staging.insert_formatted_dam_data() completed
2024-03-30T06:13:45Z - INFO     logging_config.py:19 - Stored procedure staging.insert_formatted_horse_data() completed
2024-03-30T06:13:45Z - INFO     logging_config.py:19 - Matching rp to tf
2024-03-30T06:14:12Z - INFO     logging_config.py:19 - Query SELECT * FROM tf_raw.formatted_tf_entities 
		 | returned 596984 records |
2024-03-30T06:14:12Z - INFO     logging_config.py:19 - Matching jockeys
2024-03-30T06:14:36Z - INFO     logging_config.py:19 - Query SELECT * FROM rp_raw.unmatched_jockeys 
		 | returned 0 records |
2024-03-30T06:14:36Z - INFO     logging_config.py:19 - Matching trainers
2024-03-30T06:14:55Z - INFO     logging_config.py:19 - Query SELECT * FROM rp_raw.unmatched_trainers 
		 | returned 0 records |
2024-03-30T06:14:55Z - INFO     logging_config.py:19 - Matching horses
2024-03-30T06:15:14Z - INFO     logging_config.py:19 - Query SELECT * FROM rp_raw.unmatched_horses 
		 | returned 2 records |
2024-03-30T06:15:14Z - INFO     logging_config.py:19 - Found 2 unique horses
2024-03-30T06:15:14Z - INFO     logging_config.py:19 - Matching horses
2024-03-30T06:15:16Z - INFO     logging_config.py:19 - 0/2
2024-03-30T06:15:16Z - INFO     logging_config.py:19 - Entity name: omalley
2024-03-30T06:15:16Z - INFO     logging_config.py:19 - Matching horse omalley on 2024-03-26
2024-03-30T06:15:16Z - INFO     logging_config.py:19 - Course ID: 76
2024-03-30T06:15:16Z - INFO     logging_config.py:19 - Found match for horse omalley on 2024-03-26
2024-03-30T06:15:16Z - INFO     logging_config.py:19 - Found match for horse omalley on 2024-03-26 except trainer
2024-03-30T06:15:16Z - INFO     logging_config.py:19 - 1/2
2024-03-30T06:15:16Z - INFO     logging_config.py:19 - Entity name: lequipedeux
2024-03-30T06:15:16Z - INFO     logging_config.py:19 - Matching horse lequipedeux on 2024-03-27
2024-03-30T06:15:16Z - INFO     logging_config.py:19 - Course ID: 35
2024-03-30T06:15:16Z - INFO     logging_config.py:19 - Found match for horse lequipedeux on 2024-03-27
2024-03-30T06:15:16Z - INFO     logging_config.py:19 - Found match for horse lequipedeux on 2024-03-27 except trainer
2024-03-30T06:15:17Z - INFO     logging_config.py:19 - Found 2 matches
2024-03-30T06:15:17Z - INFO     logging_config.py:19 - Truncating staging.horse
2024-03-30T06:15:17Z - INFO     logging_config.py:19 - Executing query: TRUNCATE TABLE staging.horse
2024-03-30T06:15:17Z - INFO     logging_config.py:19 - Query executed. Number of rows affected: -1
2024-03-30T06:15:17Z - INFO     logging_config.py:19 - Storing 2 records in staging.horse
2024-03-30T06:15:17Z - INFO     logging_config.py:19 - Matching sires
2024-03-30T06:15:36Z - INFO     logging_config.py:19 - Query SELECT * FROM rp_raw.unmatched_sires 
		 | returned 0 records |
2024-03-30T06:15:36Z - INFO     logging_config.py:19 - Matching dams
2024-03-30T06:15:54Z - INFO     logging_config.py:19 - Query SELECT * FROM rp_raw.unmatched_dams 
		 | returned 0 records |
2024-03-30T06:15:54Z - INFO     logging_config.py:19 - Calling stored procedure staging.insert_matched_jockey_data()
2024-03-30T06:15:54Z - INFO     logging_config.py:19 - Calling stored procedure staging.insert_matched_horse_data()
2024-03-30T06:15:54Z - INFO     logging_config.py:19 - Stored procedure staging.insert_matched_horse_data() completed
2024-03-30T06:15:54Z - INFO     logging_config.py:19 - Stored procedure staging.insert_matched_jockey_data() completed
2024-03-30T06:15:54Z - INFO     logging_config.py:19 - Calling stored procedure staging.insert_matched_trainer_data()
2024-03-30T06:15:54Z - INFO     logging_config.py:19 - Calling stored procedure staging.insert_matched_sire_data()
2024-03-30T06:15:54Z - INFO     logging_config.py:19 - Calling stored procedure staging.insert_matched_dam_data()
2024-03-30T06:15:54Z - INFO     logging_config.py:19 - Stored procedure staging.insert_matched_trainer_data() completed
2024-03-30T06:15:54Z - INFO     logging_config.py:19 - Stored procedure staging.insert_matched_sire_data() completed
2024-03-30T06:15:55Z - INFO     logging_config.py:19 - Stored procedure staging.insert_matched_dam_data() completed
2024-03-30T06:15:55Z - INFO     logging_config.py:19 - Matching tf to rp
2024-03-30T06:16:22Z - INFO     logging_config.py:19 - Query SELECT * FROM rp_raw.formatted_rp_entities 
		 | returned 596966 records |
2024-03-30T06:16:23Z - INFO     logging_config.py:19 - Matching jockeys
2024-03-30T06:16:54Z - INFO     logging_config.py:19 - Query SELECT * FROM tf_raw.unmatched_jockeys 
		 | returned 0 records |
2024-03-30T06:16:54Z - INFO     logging_config.py:19 - Matching trainers
2024-03-30T06:17:20Z - INFO     logging_config.py:19 - Query SELECT * FROM tf_raw.unmatched_trainers 
		 | returned 0 records |
2024-03-30T06:17:20Z - INFO     logging_config.py:19 - Matching horses
2024-03-30T06:17:43Z - INFO     logging_config.py:19 - Query SELECT * FROM tf_raw.unmatched_horses 
		 | returned 0 records |
2024-03-30T06:17:43Z - INFO     logging_config.py:19 - Matching sires
2024-03-30T06:18:06Z - INFO     logging_config.py:19 - Query SELECT * FROM tf_raw.unmatched_sires 
		 | returned 0 records |
2024-03-30T06:18:06Z - INFO     logging_config.py:19 - Matching dams
2024-03-30T06:18:29Z - INFO     logging_config.py:19 - Query SELECT * FROM tf_raw.unmatched_dams 
		 | returned 0 records |
2024-03-30T06:18:29Z - INFO     logging_config.py:19 - Calling stored procedure staging.insert_matched_jockey_data()
2024-03-30T06:18:29Z - INFO     logging_config.py:19 - Calling stored procedure staging.insert_matched_horse_data()
2024-03-30T06:18:29Z - INFO     logging_config.py:19 - Stored procedure staging.insert_matched_horse_data() completed
2024-03-30T06:18:29Z - INFO     logging_config.py:19 - Stored procedure staging.insert_matched_jockey_data() completed
2024-03-30T06:18:29Z - INFO     logging_config.py:19 - Calling stored procedure staging.insert_matched_trainer_data()
2024-03-30T06:18:29Z - INFO     logging_config.py:19 - Calling stored procedure staging.insert_matched_sire_data()
2024-03-30T06:18:29Z - INFO     logging_config.py:19 - Calling stored procedure staging.insert_matched_dam_data()
2024-03-30T06:18:29Z - INFO     logging_config.py:19 - Stored procedure staging.insert_matched_trainer_data() completed
2024-03-30T06:18:29Z - INFO     logging_config.py:19 - Stored procedure staging.insert_matched_sire_data() completed
2024-03-30T06:18:29Z - INFO     logging_config.py:19 - Stored procedure staging.insert_matched_dam_data() completed
2024-03-30T06:18:29Z - INFO     logging_config.py:19 - Calling stored procedure staging.insert_into_joined_performance_data()
2024-03-30T06:18:46Z - INFO     logging_config.py:19 - Stored procedure staging.insert_into_joined_performance_data() completed
