2024-03-30T05:59:17Z - INFO     logging_config.py:19 - Creating a new headless WebDriver for Timeform: False
2024-03-30T05:59:17Z - INFO     logging_config.py:19 - Creating a new WebDriver with headless mode set to True
2024-03-30T05:59:18Z - INFO     logging_config.py:19 - Scrape_links.py execution started.
2024-03-30T05:59:26Z - INFO     logging_config.py:19 - Query SELECT * FROM rp_raw.missing_dates 
		 | returned 1 records |
2024-03-30T05:59:26Z - INFO     logging_config.py:19 - Generated URL for scraping: https://www.racingpost.com/results/2024-03-27
2024-03-30T05:59:34Z - INFO     logging_config.py:19 - Page load complete. Proceeding to scrape links.
2024-03-30T05:59:34Z - INFO     logging_config.py:19 - Found 29 valid links for date 2024-03-27.
2024-03-30T05:59:34Z - INFO     logging_config.py:19 - Inserting 29 links into the database.
2024-03-30T05:59:34Z - INFO     logging_config.py:19 - Storing 29 records in rp_raw.days_results_links
2024-03-30T05:59:34Z - INFO     logging_config.py:19 - Creating a new headless WebDriver for Timeform: False
2024-03-30T05:59:34Z - INFO     logging_config.py:19 - Creating a new WebDriver with headless mode set to True
2024-03-30T05:59:35Z - INFO     logging_config.py:19 - Scrape_links.py execution started.
2024-03-30T05:59:35Z - INFO     logging_config.py:19 - Query SELECT * FROM tf_raw.missing_dates 
		 | returned 1 records |
2024-03-30T05:59:35Z - INFO     logging_config.py:19 - Generated URL for scraping: https://www.timeform.com/horse-racing/results/2024-03-27
2024-03-30T05:59:42Z - INFO     logging_config.py:19 - Page load complete. Proceeding to scrape links.
2024-03-30T06:00:13Z - INFO     logging_config.py:19 - Found 94 valid links for date 2024-03-27.
2024-03-30T06:00:13Z - INFO     logging_config.py:19 - Inserting 94 links into the database.
2024-03-30T06:00:13Z - INFO     logging_config.py:19 - Storing 94 records in tf_raw.days_results_links
2024-03-30T06:00:13Z - INFO     logging_config.py:19 - Creating a new headless WebDriver for Timeform: False
2024-03-30T06:00:13Z - INFO     logging_config.py:19 - Creating a new WebDriver with headless mode set to True
2024-03-30T06:00:21Z - INFO     logging_config.py:19 - Query SELECT * FROM rp_raw.missing_links 
		 | returned 20 records |
2024-03-30T06:00:21Z - INFO     logging_config.py:19 - Number of missing links: 20
2024-03-30T06:00:21Z - INFO     logging_config.py:19 - Scraping link: https://www.racingpost.com/results/24/hereford/2024-03-27/862112
2024-03-30T06:00:23Z - INFO     logging_config.py:19 - All elements were found.
2024-03-30T06:00:28Z - INFO     logging_config.py:19 - Storing 8 records in rp_raw.performance_data
2024-03-30T06:00:32Z - INFO     logging_config.py:19 - Query SELECT * FROM rp_raw.missing_links 
		 | returned 19 records |
2024-03-30T06:00:32Z - INFO     logging_config.py:19 - Number of missing links: 19
2024-03-30T06:00:32Z - INFO     logging_config.py:19 - Scraping link: https://www.racingpost.com/results/1079/kempton-aw/2024-03-27/862339
2024-03-30T06:00:33Z - INFO     logging_config.py:19 - All elements were found.
2024-03-30T06:00:35Z - INFO     logging_config.py:19 - Storing 7 records in rp_raw.performance_data
2024-03-30T06:00:39Z - INFO     logging_config.py:19 - Query SELECT * FROM rp_raw.missing_links 
		 | returned 18 records |
2024-03-30T06:00:39Z - INFO     logging_config.py:19 - Number of missing links: 18
2024-03-30T06:00:39Z - INFO     logging_config.py:19 - Scraping link: https://www.racingpost.com/results/1079/kempton-aw/2024-03-27/862336
2024-03-30T06:00:40Z - INFO     logging_config.py:19 - All elements were found.
2024-03-30T06:00:42Z - INFO     logging_config.py:19 - Storing 6 records in rp_raw.performance_data
2024-03-30T06:00:49Z - INFO     logging_config.py:19 - Query SELECT * FROM rp_raw.missing_links 
		 | returned 17 records |
2024-03-30T06:00:49Z - INFO     logging_config.py:19 - Number of missing links: 17
2024-03-30T06:00:49Z - INFO     logging_config.py:19 - Scraping link: https://www.racingpost.com/results/90/wincanton/2024-03-27/862119
2024-03-30T06:00:50Z - INFO     logging_config.py:19 - All elements were found.
2024-03-30T06:00:53Z - INFO     logging_config.py:19 - Storing 5 records in rp_raw.performance_data
2024-03-30T06:00:55Z - INFO     logging_config.py:19 - Query SELECT * FROM rp_raw.missing_links 
		 | returned 16 records |
2024-03-30T06:00:55Z - INFO     logging_config.py:19 - Number of missing links: 16
2024-03-30T06:00:55Z - INFO     logging_config.py:19 - Scraping link: https://www.racingpost.com/results/24/hereford/2024-03-27/862113
2024-03-30T06:00:56Z - INFO     logging_config.py:19 - All elements were found.
2024-03-30T06:00:58Z - INFO     logging_config.py:19 - Storing 5 records in rp_raw.performance_data
2024-03-30T06:00:59Z - INFO     logging_config.py:19 - Query SELECT * FROM rp_raw.missing_links 
		 | returned 15 records |
2024-03-30T06:00:59Z - INFO     logging_config.py:19 - Number of missing links: 15
2024-03-30T06:00:59Z - INFO     logging_config.py:19 - Scraping link: https://www.racingpost.com/results/1079/kempton-aw/2024-03-27/862341
2024-03-30T06:01:00Z - INFO     logging_config.py:19 - All elements were found.
2024-03-30T06:01:04Z - INFO     logging_config.py:19 - Storing 13 records in rp_raw.performance_data
2024-03-30T06:01:05Z - INFO     logging_config.py:19 - Query SELECT * FROM rp_raw.missing_links 
		 | returned 14 records |
2024-03-30T06:01:05Z - INFO     logging_config.py:19 - Number of missing links: 14
2024-03-30T06:01:05Z - INFO     logging_config.py:19 - Scraping link: https://www.racingpost.com/results/1079/kempton-aw/2024-03-27/862342
2024-03-30T06:01:06Z - INFO     logging_config.py:19 - All elements were found.
2024-03-30T06:01:10Z - INFO     logging_config.py:19 - Storing 12 records in rp_raw.performance_data
2024-03-30T06:01:13Z - INFO     logging_config.py:19 - Query SELECT * FROM rp_raw.missing_links 
		 | returned 13 records |
2024-03-30T06:01:13Z - INFO     logging_config.py:19 - Number of missing links: 13
2024-03-30T06:01:13Z - INFO     logging_config.py:19 - Scraping link: https://www.racingpost.com/results/90/wincanton/2024-03-27/862120
2024-03-30T06:01:14Z - INFO     logging_config.py:19 - All elements were found.
2024-03-30T06:01:17Z - INFO     logging_config.py:19 - Storing 9 records in rp_raw.performance_data
2024-03-30T06:01:18Z - INFO     logging_config.py:19 - Query SELECT * FROM rp_raw.missing_links 
		 | returned 12 records |
2024-03-30T06:01:18Z - INFO     logging_config.py:19 - Number of missing links: 12
2024-03-30T06:01:18Z - INFO     logging_config.py:19 - Scraping link: https://www.racingpost.com/results/90/wincanton/2024-03-27/862121
2024-03-30T06:01:19Z - INFO     logging_config.py:19 - All elements were found.
2024-03-30T06:01:22Z - INFO     logging_config.py:19 - Storing 11 records in rp_raw.performance_data
2024-03-30T06:01:23Z - INFO     logging_config.py:19 - Query SELECT * FROM rp_raw.missing_links 
		 | returned 11 records |
2024-03-30T06:01:23Z - INFO     logging_config.py:19 - Number of missing links: 11
2024-03-30T06:01:23Z - INFO     logging_config.py:19 - Scraping link: https://www.racingpost.com/results/90/wincanton/2024-03-27/864076
2024-03-30T06:01:24Z - INFO     logging_config.py:19 - All elements were found.
2024-03-30T06:01:27Z - INFO     logging_config.py:19 - Storing 8 records in rp_raw.performance_data
2024-03-30T06:01:28Z - INFO     logging_config.py:19 - Query SELECT * FROM rp_raw.missing_links 
		 | returned 10 records |
2024-03-30T06:01:28Z - INFO     logging_config.py:19 - Number of missing links: 10
2024-03-30T06:01:28Z - INFO     logging_config.py:19 - Scraping link: https://www.racingpost.com/results/90/wincanton/2024-03-27/862122
2024-03-30T06:01:29Z - INFO     logging_config.py:19 - All elements were found.
2024-03-30T06:01:32Z - INFO     logging_config.py:19 - Storing 10 records in rp_raw.performance_data
2024-03-30T06:01:33Z - INFO     logging_config.py:19 - Query SELECT * FROM rp_raw.missing_links 
		 | returned 9 records |
2024-03-30T06:01:33Z - INFO     logging_config.py:19 - Number of missing links: 9
2024-03-30T06:01:33Z - INFO     logging_config.py:19 - Scraping link: https://www.racingpost.com/results/1079/kempton-aw/2024-03-27/862340
2024-03-30T06:01:34Z - INFO     logging_config.py:19 - All elements were found.
2024-03-30T06:01:37Z - INFO     logging_config.py:19 - Storing 8 records in rp_raw.performance_data
2024-03-30T06:01:41Z - INFO     logging_config.py:19 - Query SELECT * FROM rp_raw.missing_links 
		 | returned 8 records |
2024-03-30T06:01:41Z - INFO     logging_config.py:19 - Number of missing links: 8
2024-03-30T06:01:41Z - INFO     logging_config.py:19 - Scraping link: https://www.racingpost.com/results/90/wincanton/2024-03-27/862118
2024-03-30T06:01:42Z - INFO     logging_config.py:19 - All elements were found.
2024-03-30T06:01:46Z - INFO     logging_config.py:19 - Storing 5 records in rp_raw.performance_data
2024-03-30T06:01:48Z - INFO     logging_config.py:19 - Query SELECT * FROM rp_raw.missing_links 
		 | returned 7 records |
2024-03-30T06:01:48Z - INFO     logging_config.py:19 - Number of missing links: 7
2024-03-30T06:01:48Z - INFO     logging_config.py:19 - Scraping link: https://www.racingpost.com/results/1079/kempton-aw/2024-03-27/862338
2024-03-30T06:01:49Z - INFO     logging_config.py:19 - All elements were found.
2024-03-30T06:01:52Z - INFO     logging_config.py:19 - Storing 7 records in rp_raw.performance_data
2024-03-30T06:01:54Z - INFO     logging_config.py:19 - Query SELECT * FROM rp_raw.missing_links 
		 | returned 6 records |
2024-03-30T06:01:54Z - INFO     logging_config.py:19 - Number of missing links: 6
2024-03-30T06:01:54Z - INFO     logging_config.py:19 - Scraping link: https://www.racingpost.com/results/24/hereford/2024-03-27/862111
2024-03-30T06:01:54Z - INFO     logging_config.py:19 - All elements were found.
2024-03-30T06:01:59Z - INFO     logging_config.py:19 - Storing 12 records in rp_raw.performance_data
2024-03-30T06:02:03Z - INFO     logging_config.py:19 - Query SELECT * FROM rp_raw.missing_links 
		 | returned 5 records |
2024-03-30T06:02:03Z - INFO     logging_config.py:19 - Number of missing links: 5
2024-03-30T06:02:03Z - INFO     logging_config.py:19 - Scraping link: https://www.racingpost.com/results/24/hereford/2024-03-27/862115
2024-03-30T06:02:04Z - INFO     logging_config.py:19 - All elements were found.
2024-03-30T06:02:08Z - INFO     logging_config.py:19 - Storing 7 records in rp_raw.performance_data
2024-03-30T06:02:09Z - INFO     logging_config.py:19 - Query SELECT * FROM rp_raw.missing_links 
		 | returned 4 records |
2024-03-30T06:02:09Z - INFO     logging_config.py:19 - Number of missing links: 4
2024-03-30T06:02:09Z - INFO     logging_config.py:19 - Scraping link: https://www.racingpost.com/results/90/wincanton/2024-03-27/862117
2024-03-30T06:02:11Z - INFO     logging_config.py:19 - All elements were found.
2024-03-30T06:02:14Z - INFO     logging_config.py:19 - Storing 9 records in rp_raw.performance_data
2024-03-30T06:02:15Z - INFO     logging_config.py:19 - Query SELECT * FROM rp_raw.missing_links 
		 | returned 3 records |
2024-03-30T06:02:15Z - INFO     logging_config.py:19 - Number of missing links: 3
2024-03-30T06:02:15Z - INFO     logging_config.py:19 - Scraping link: https://www.racingpost.com/results/24/hereford/2024-03-27/862114
2024-03-30T06:02:16Z - INFO     logging_config.py:19 - All elements were found.
2024-03-30T06:02:20Z - INFO     logging_config.py:19 - Storing 12 records in rp_raw.performance_data
2024-03-30T06:02:21Z - INFO     logging_config.py:19 - Query SELECT * FROM rp_raw.missing_links 
		 | returned 2 records |
2024-03-30T06:02:21Z - INFO     logging_config.py:19 - Number of missing links: 2
2024-03-30T06:02:21Z - INFO     logging_config.py:19 - Scraping link: https://www.racingpost.com/results/1079/kempton-aw/2024-03-27/862337
2024-03-30T06:02:21Z - INFO     logging_config.py:19 - All elements were found.
2024-03-30T06:02:24Z - INFO     logging_config.py:19 - Storing 6 records in rp_raw.performance_data
2024-03-30T06:02:24Z - INFO     logging_config.py:19 - Query SELECT * FROM rp_raw.missing_links 
		 | returned 1 records |
2024-03-30T06:02:24Z - INFO     logging_config.py:19 - Number of missing links: 1
2024-03-30T06:02:24Z - INFO     logging_config.py:19 - Scraping link: https://www.racingpost.com/results/24/hereford/2024-03-27/862116
2024-03-30T06:02:26Z - INFO     logging_config.py:19 - All elements were found.
2024-03-30T06:02:28Z - INFO     logging_config.py:19 - Storing 6 records in rp_raw.performance_data
2024-03-30T06:02:29Z - INFO     logging_config.py:19 - Query SELECT * FROM rp_raw.missing_links 
		 | returned 0 records |
2024-03-30T06:02:29Z - INFO     logging_config.py:19 - Number of missing links: 0
2024-03-30T06:02:29Z - INFO     logging_config.py:19 - No missing links found. Ending the script.
2024-03-30T06:02:29Z - INFO     logging_config.py:19 - Creating a new headless WebDriver for Timeform: True
2024-03-30T06:02:29Z - INFO     logging_config.py:19 - Creating a new WebDriver with headless mode set to True
2024-03-30T06:02:31Z - INFO     logging_config.py:19 - Logging in to Timeform
2024-03-30T06:02:57Z - INFO     logging_config.py:19 - Log in to Timeform success
2024-03-30T06:03:06Z - INFO     logging_config.py:19 - Query SELECT * FROM tf_raw.missing_links 
		 | returned 20 records |
2024-03-30T06:03:06Z - INFO     logging_config.py:19 - Number of missing links: 20
2024-03-30T06:03:06Z - INFO     logging_config.py:19 - Scraping link: https://www.timeform.com/horse-racing/result/hereford/2024-03-27/1610/23/4
2024-03-30T06:03:11Z - INFO     logging_config.py:19 - Storing 7 records in tf_raw.performance_data
2024-03-30T06:03:17Z - INFO     logging_config.py:19 - Query SELECT * FROM tf_raw.missing_links 
		 | returned 19 records |
2024-03-30T06:03:17Z - INFO     logging_config.py:19 - Number of missing links: 19
2024-03-30T06:03:17Z - INFO     logging_config.py:19 - Scraping link: https://www.timeform.com/horse-racing/result/kempton-park/2024-03-27/1900/27/4
2024-03-30T06:03:21Z - INFO     logging_config.py:19 - Storing 6 records in tf_raw.performance_data
2024-03-30T06:03:25Z - INFO     logging_config.py:19 - Query SELECT * FROM tf_raw.missing_links 
		 | returned 18 records |
2024-03-30T06:03:25Z - INFO     logging_config.py:19 - Number of missing links: 18
2024-03-30T06:03:25Z - INFO     logging_config.py:19 - Scraping link: https://www.timeform.com/horse-racing/result/wincanton/2024-03-27/1635/56/6
2024-03-30T06:03:30Z - INFO     logging_config.py:19 - Storing 8 records in tf_raw.performance_data
2024-03-30T06:03:34Z - INFO     logging_config.py:19 - Query SELECT * FROM tf_raw.missing_links 
		 | returned 17 records |
2024-03-30T06:03:34Z - INFO     logging_config.py:19 - Number of missing links: 17
2024-03-30T06:03:34Z - INFO     logging_config.py:19 - Scraping link: https://www.timeform.com/horse-racing/result/wincanton/2024-03-27/1400/56/1
2024-03-30T06:03:39Z - INFO     logging_config.py:19 - Storing 9 records in tf_raw.performance_data
2024-03-30T06:03:42Z - INFO     logging_config.py:19 - Query SELECT * FROM tf_raw.missing_links 
		 | returned 16 records |
2024-03-30T06:03:42Z - INFO     logging_config.py:19 - Number of missing links: 16
2024-03-30T06:03:42Z - INFO     logging_config.py:19 - Scraping link: https://www.timeform.com/horse-racing/result/wincanton/2024-03-27/1600/56/5
2024-03-30T06:03:48Z - INFO     logging_config.py:19 - Storing 10 records in tf_raw.performance_data
2024-03-30T06:03:50Z - INFO     logging_config.py:19 - Query SELECT * FROM tf_raw.missing_links 
		 | returned 15 records |
2024-03-30T06:03:50Z - INFO     logging_config.py:19 - Number of missing links: 15
2024-03-30T06:03:50Z - INFO     logging_config.py:19 - Scraping link: https://www.timeform.com/horse-racing/result/kempton-park/2024-03-27/1730/27/1
2024-03-30T06:03:54Z - INFO     logging_config.py:19 - Storing 7 records in tf_raw.performance_data
2024-03-30T06:03:56Z - INFO     logging_config.py:19 - Query SELECT * FROM tf_raw.missing_links 
		 | returned 14 records |
2024-03-30T06:03:56Z - INFO     logging_config.py:19 - Number of missing links: 14
2024-03-30T06:03:56Z - INFO     logging_config.py:19 - Scraping link: https://www.timeform.com/horse-racing/result/hereford/2024-03-27/1645/23/5
2024-03-30T06:04:00Z - INFO     logging_config.py:19 - Storing 8 records in tf_raw.performance_data
2024-03-30T06:04:02Z - INFO     logging_config.py:19 - Query SELECT * FROM tf_raw.missing_links 
		 | returned 13 records |
2024-03-30T06:04:02Z - INFO     logging_config.py:19 - Number of missing links: 13
2024-03-30T06:04:02Z - INFO     logging_config.py:19 - Scraping link: https://www.timeform.com/horse-racing/result/kempton-park/2024-03-27/1830/27/3
2024-03-30T06:04:05Z - INFO     logging_config.py:19 - Storing 6 records in tf_raw.performance_data
2024-03-30T06:04:07Z - INFO     logging_config.py:19 - Query SELECT * FROM tf_raw.missing_links 
		 | returned 12 records |
2024-03-30T06:04:07Z - INFO     logging_config.py:19 - Number of missing links: 12
2024-03-30T06:04:07Z - INFO     logging_config.py:19 - Scraping link: https://www.timeform.com/horse-racing/result/hereford/2024-03-27/1510/23/2
2024-03-30T06:04:10Z - INFO     logging_config.py:19 - Storing 5 records in tf_raw.performance_data
2024-03-30T06:04:12Z - INFO     logging_config.py:19 - Query SELECT * FROM tf_raw.missing_links 
		 | returned 11 records |
2024-03-30T06:04:12Z - INFO     logging_config.py:19 - Number of missing links: 11
2024-03-30T06:04:12Z - INFO     logging_config.py:19 - Scraping link: https://www.timeform.com/horse-racing/result/wincanton/2024-03-27/1430/56/2
2024-03-30T06:04:16Z - INFO     logging_config.py:19 - Storing 5 records in tf_raw.performance_data
2024-03-30T06:04:17Z - INFO     logging_config.py:19 - Query SELECT * FROM tf_raw.missing_links 
		 | returned 10 records |
2024-03-30T06:04:17Z - INFO     logging_config.py:19 - Number of missing links: 10
2024-03-30T06:04:17Z - INFO     logging_config.py:19 - Scraping link: https://www.timeform.com/horse-racing/result/wincanton/2024-03-27/1705/56/7
2024-03-30T06:04:26Z - INFO     logging_config.py:19 - Storing 11 records in tf_raw.performance_data
2024-03-30T06:04:28Z - INFO     logging_config.py:19 - Query SELECT * FROM tf_raw.missing_links 
		 | returned 9 records |
2024-03-30T06:04:28Z - INFO     logging_config.py:19 - Number of missing links: 9
2024-03-30T06:04:28Z - INFO     logging_config.py:19 - Scraping link: https://www.timeform.com/horse-racing/result/hereford/2024-03-27/1440/23/1
2024-03-30T06:04:55Z - INFO     logging_config.py:19 - Storing 12 records in tf_raw.performance_data
2024-03-30T06:04:57Z - INFO     logging_config.py:19 - Query SELECT * FROM tf_raw.missing_links 
		 | returned 8 records |
2024-03-30T06:04:57Z - INFO     logging_config.py:19 - Number of missing links: 8
2024-03-30T06:04:57Z - INFO     logging_config.py:19 - Scraping link: https://www.timeform.com/horse-racing/result/wincanton/2024-03-27/1500/56/3
2024-03-30T06:05:02Z - INFO     logging_config.py:19 - Storing 9 records in tf_raw.performance_data
2024-03-30T06:05:03Z - INFO     logging_config.py:19 - Query SELECT * FROM tf_raw.missing_links 
		 | returned 7 records |
2024-03-30T06:05:03Z - INFO     logging_config.py:19 - Number of missing links: 7
2024-03-30T06:05:03Z - INFO     logging_config.py:19 - Scraping link: https://www.timeform.com/horse-racing/result/kempton-park/2024-03-27/1930/27/5
2024-03-30T06:05:08Z - INFO     logging_config.py:19 - Storing 7 records in tf_raw.performance_data
2024-03-30T06:05:09Z - INFO     logging_config.py:19 - Query SELECT * FROM tf_raw.missing_links 
		 | returned 6 records |
2024-03-30T06:05:09Z - INFO     logging_config.py:19 - Number of missing links: 6
2024-03-30T06:05:09Z - INFO     logging_config.py:19 - Scraping link: https://www.timeform.com/horse-racing/result/wincanton/2024-03-27/1530/56/4
2024-03-30T06:05:13Z - INFO     logging_config.py:19 - Storing 5 records in tf_raw.performance_data
2024-03-30T06:05:15Z - INFO     logging_config.py:19 - Query SELECT * FROM tf_raw.missing_links 
		 | returned 5 records |
2024-03-30T06:05:15Z - INFO     logging_config.py:19 - Number of missing links: 5
2024-03-30T06:05:15Z - INFO     logging_config.py:19 - Scraping link: https://www.timeform.com/horse-racing/result/hereford/2024-03-27/1715/23/6
2024-03-30T06:05:20Z - INFO     logging_config.py:19 - Storing 6 records in tf_raw.performance_data
2024-03-30T06:05:21Z - INFO     logging_config.py:19 - Query SELECT * FROM tf_raw.missing_links 
		 | returned 4 records |
2024-03-30T06:05:21Z - INFO     logging_config.py:19 - Number of missing links: 4
2024-03-30T06:05:21Z - INFO     logging_config.py:19 - Scraping link: https://www.timeform.com/horse-racing/result/kempton-park/2024-03-27/1800/27/2
2024-03-30T06:05:28Z - INFO     logging_config.py:19 - Storing 13 records in tf_raw.performance_data
2024-03-30T06:05:30Z - INFO     logging_config.py:19 - Query SELECT * FROM tf_raw.missing_links 
		 | returned 3 records |
2024-03-30T06:05:30Z - INFO     logging_config.py:19 - Number of missing links: 3
2024-03-30T06:05:30Z - INFO     logging_config.py:19 - Scraping link: https://www.timeform.com/horse-racing/result/hereford/2024-03-27/1540/23/3
2024-03-30T06:05:36Z - INFO     logging_config.py:19 - Storing 12 records in tf_raw.performance_data
2024-03-30T06:05:37Z - INFO     logging_config.py:19 - Query SELECT * FROM tf_raw.missing_links 
		 | returned 2 records |
2024-03-30T06:05:37Z - INFO     logging_config.py:19 - Number of missing links: 2
2024-03-30T06:05:37Z - INFO     logging_config.py:19 - Scraping link: https://www.timeform.com/horse-racing/result/kempton-park/2024-03-27/2030/27/7
2024-03-30T06:05:43Z - INFO     logging_config.py:19 - Storing 12 records in tf_raw.performance_data
2024-03-30T06:05:45Z - INFO     logging_config.py:19 - Query SELECT * FROM tf_raw.missing_links 
		 | returned 1 records |
2024-03-30T06:05:45Z - INFO     logging_config.py:19 - Number of missing links: 1
2024-03-30T06:05:45Z - INFO     logging_config.py:19 - Scraping link: https://www.timeform.com/horse-racing/result/kempton-park/2024-03-27/2000/27/6
2024-03-30T06:05:50Z - INFO     logging_config.py:19 - Storing 8 records in tf_raw.performance_data
2024-03-30T06:05:52Z - INFO     logging_config.py:19 - Query SELECT * FROM tf_raw.missing_links 
		 | returned 0 records |
2024-03-30T06:05:52Z - INFO     logging_config.py:19 - Number of missing links: 0
2024-03-30T06:05:52Z - INFO     logging_config.py:19 - No missing links found. Ending the script.
